<?xml version="1.0" encoding="UTF-8"?>
<!-- Generated by org.testng.reporters.JUnitXMLReporter -->
<testsuite ignored="0" hostname="Ashu" failures="1" tests="2" name="Error Validations Test" time="9.653" errors="0" timestamp="2024-07-26T12:58:25 IST">
  <testcase classname="SeleniumFramework.tests.ErrorValidationsTest" name="loginErrorValidation" time="0.391">
    <failure type="java.lang.AssertionError" message="expected [Incorrect email or password.] but found []">
      <![CDATA[java.lang.AssertionError: expected [Incorrect email or password.] but found []
at SeleniumFramework.tests.ErrorValidationsTest.loginErrorValidation(ErrorValidationsTest.java:25)
at java.base/java.util.ArrayList.forEach(ArrayList.java:1511)
at java.base/java.util.concurrent.FutureTask.run(FutureTask.java:264)
at java.base/java.util.concurrent.ThreadPoolExecutor.runWorker(ThreadPoolExecutor.java:1136)
at java.base/java.util.concurrent.ThreadPoolExecutor$Worker.run(ThreadPoolExecutor.java:635)
at java.base/java.lang.Thread.run(Thread.java:840)
... Removed 23 stack frames]]>
    </failure>
  </testcase> <!-- loginErrorValidation -->
  <testcase classname="SeleniumFramework.tests.ErrorValidationsTest" name="verifyProductErrorValidation" time="4.812"/>
</testsuite> <!-- Error Validations Test -->
